2020-01-03 11:07:19,062 [Worker-4: Loading available Gradle versions] INFO  o.e.b.c.i.u.g.PublishedGradleVersions - Gradle version information cache is up-to-date. Trying to read.
2020-01-03 11:07:56,133 [Worker-1: Building workspace] INFO  o.e.m.c.i.l.LifecycleMappingFactory - Using org.eclipse.m2e.jdt.JarLifecycleMapping lifecycle mapping for MavenProject: com.revature.eval.java:core:1.0 @ C:\Users\rhlar\Desktop\git repos\1912dec16java\regae_laroya_code\1912dec12java-rhlaroya\pom.xml.
2020-01-03 11:07:57,020 [Worker-1: Building workspace] INFO  o.e.m.c.i.embedder.EclipseLogger - Using 'UTF-8' encoding to copy filtered resources.
2020-01-03 11:07:57,020 [Worker-1: Building workspace] INFO  o.e.m.c.i.embedder.EclipseLogger - skip non existing resourceDirectory C:\Users\rhlar\Desktop\git repos\1912dec16java\regae_laroya_code\1912dec12java-rhlaroya\src\main\resources
2020-01-03 11:07:57,029 [Worker-1: Building workspace] INFO  o.e.m.c.i.embedder.EclipseLogger - Using 'UTF-8' encoding to copy filtered resources.
2020-01-03 11:07:57,029 [Worker-1: Building workspace] INFO  o.e.m.c.i.embedder.EclipseLogger - skip non existing resourceDirectory C:\Users\rhlar\Desktop\git repos\1912dec16java\regae_laroya_code\1912dec12java-rhlaroya\src\test\resources
2020-01-03 11:07:59,725 [Worker-1: Building workspace] INFO  o.e.m.c.i.l.LifecycleMappingFactory - Using org.eclipse.m2e.jdt.JarLifecycleMapping lifecycle mapping for MavenProject: com.shop:CarDealership:0.0.1-SNAPSHOT @ C:\Users\rhlar\Desktop\git repos\1912dec16java\regae_laroya_code\CarDealership\pom.xml.
2020-01-03 11:07:59,849 [Worker-1: Building workspace] WARN  o.e.m.c.i.embedder.EclipseLogger - Using platform encoding (Cp1252 actually) to copy filtered resources, i.e. build is platform dependent!
2020-01-03 11:07:59,858 [Worker-1: Building workspace] INFO  o.e.m.c.i.embedder.EclipseLogger - Copying 0 resource
2020-01-03 11:07:59,860 [Worker-1: Building workspace] WARN  o.e.m.c.i.embedder.EclipseLogger - Using platform encoding (Cp1252 actually) to copy filtered resources, i.e. build is platform dependent!
2020-01-03 11:07:59,867 [Worker-1: Building workspace] INFO  o.e.m.c.i.embedder.EclipseLogger - Copying 1 resource
2020-01-03 11:08:00,492 [Worker-11: Building workspace] INFO  o.e.m.c.i.embedder.EclipseLogger - Using 'UTF-8' encoding to copy filtered resources.
2020-01-03 11:08:00,492 [Worker-11: Building workspace] INFO  o.e.m.c.i.embedder.EclipseLogger - skip non existing resourceDirectory C:\Users\rhlar\Desktop\git repos\1912dec16java\regae_laroya_code\1912dec12java-rhlaroya\src\main\resources
2020-01-03 11:08:00,494 [Worker-11: Building workspace] INFO  o.e.m.c.i.embedder.EclipseLogger - Using 'UTF-8' encoding to copy filtered resources.
2020-01-03 11:08:00,494 [Worker-11: Building workspace] INFO  o.e.m.c.i.embedder.EclipseLogger - skip non existing resourceDirectory C:\Users\rhlar\Desktop\git repos\1912dec16java\regae_laroya_code\1912dec12java-rhlaroya\src\test\resources
2020-01-03 11:08:00,701 [Worker-11: Building workspace] WARN  o.e.m.c.i.embedder.EclipseLogger - Using platform encoding (Cp1252 actually) to copy filtered resources, i.e. build is platform dependent!
2020-01-03 11:08:00,716 [Worker-11: Building workspace] INFO  o.e.m.c.i.embedder.EclipseLogger - Copying 0 resource
2020-01-03 11:08:00,717 [Worker-11: Building workspace] WARN  o.e.m.c.i.embedder.EclipseLogger - Using platform encoding (Cp1252 actually) to copy filtered resources, i.e. build is platform dependent!
2020-01-03 11:08:00,726 [Worker-11: Building workspace] INFO  o.e.m.c.i.embedder.EclipseLogger - Copying 1 resource
2020-01-03 11:08:01,047 [Worker-11: Building workspace] INFO  o.e.m.c.i.l.LifecycleMappingFactory - Using org.eclipse.m2e.jdt.JarLifecycleMapping lifecycle mapping for MavenProject: com.example:MavenIntro:0.0.1-SNAPSHOT @ C:\Users\rhlar\Desktop\git repos\1912dec16java\1912dec16java\01-Java\MavenIntro\pom.xml.
2020-01-03 11:08:01,432 [Worker-11: Building workspace] WARN  o.e.m.c.i.embedder.EclipseLogger - Using platform encoding (Cp1252 actually) to copy filtered resources, i.e. build is platform dependent!
2020-01-03 11:08:01,440 [Worker-11: Building workspace] INFO  o.e.m.c.i.embedder.EclipseLogger - skip non existing resourceDirectory C:\Users\rhlar\Desktop\git repos\1912dec16java\1912dec16java\01-Java\MavenIntro\src\main\resources
2020-01-03 11:08:01,441 [Worker-11: Building workspace] WARN  o.e.m.c.i.embedder.EclipseLogger - Using platform encoding (Cp1252 actually) to copy filtered resources, i.e. build is platform dependent!
2020-01-03 11:08:01,449 [Worker-11: Building workspace] INFO  o.e.m.c.i.embedder.EclipseLogger - Copying 1 resource
2020-01-03 11:08:02,366 [Worker-5: Building workspace] WARN  o.e.m.c.i.embedder.EclipseLogger - Using platform encoding (Cp1252 actually) to copy filtered resources, i.e. build is platform dependent!
2020-01-03 11:08:02,393 [Worker-5: Building workspace] INFO  o.e.m.c.i.embedder.EclipseLogger - skip non existing resourceDirectory C:\Users\rhlar\Desktop\git repos\1912dec16java\1912dec16java\01-Java\MavenIntro\src\main\resources
2020-01-03 11:08:02,394 [Worker-5: Building workspace] WARN  o.e.m.c.i.embedder.EclipseLogger - Using platform encoding (Cp1252 actually) to copy filtered resources, i.e. build is platform dependent!
2020-01-03 11:08:02,415 [Worker-5: Building workspace] INFO  o.e.m.c.i.embedder.EclipseLogger - Copying 1 resource
2020-01-03 11:08:02,564 [Worker-5: Building workspace] INFO  o.e.m.c.i.l.LifecycleMappingFactory - Using org.eclipse.m2e.jdt.JarLifecycleMapping lifecycle mapping for MavenProject: com.example:wk-1-Java:0.0.1-SNAPSHOT @ C:\Users\rhlar\Desktop\git repos\1912dec16java\1912dec16java\01-Java\wk-1-Java\pom.xml.
2020-01-03 11:08:02,687 [Worker-5: Building workspace] WARN  o.e.m.c.i.embedder.EclipseLogger - Using platform encoding (Cp1252 actually) to copy filtered resources, i.e. build is platform dependent!
2020-01-03 11:08:02,694 [Worker-5: Building workspace] INFO  o.e.m.c.i.embedder.EclipseLogger - skip non existing resourceDirectory C:\Users\rhlar\Desktop\git repos\1912dec16java\1912dec16java\01-Java\wk-1-Java\src\main\resources
2020-01-03 11:08:02,695 [Worker-5: Building workspace] WARN  o.e.m.c.i.embedder.EclipseLogger - Using platform encoding (Cp1252 actually) to copy filtered resources, i.e. build is platform dependent!
2020-01-03 11:08:02,702 [Worker-5: Building workspace] INFO  o.e.m.c.i.embedder.EclipseLogger - skip non existing resourceDirectory C:\Users\rhlar\Desktop\git repos\1912dec16java\1912dec16java\01-Java\wk-1-Java\src\test\resources
